<?xml version="1.0" encoding="UTF-8"?>
<testng-results retried="3" ignored="3" total="11" passed="4" failed="1" skipped="0">
  <reporter-output>
    <line>
      <![CDATA[Campaign Rotherham55 added successfully]]>
    </line>
    <line>
      <![CDATA[Campaign Rotherham392 added successfully]]>
    </line>
    <line>
      <![CDATA[Contact Nandini209 added Successfully]]>
    </line>
    <line>
      <![CDATA[Product Mobile738 Successfully added]]>
    </line>
  </reporter-output>
  <suite started-at="2025-04-04T20:31:18 IST" name="Suite" finished-at="2025-04-04T20:33:12 IST" duration-ms="113457">
    <groups>
      <group name="SmokeTest">
        <method signature="LoginTest.LoginTest()[pri:0, instance:Login.LoginTest@31190526]" name="LoginTest" class="Login.LoginTest"/>
      </group> <!-- SmokeTest -->
      <group name="Integration">
        <method signature="CreateProductTest.addProductTest()[pri:0, instance:Products.CreateProductTest@6743e411]" name="addProductTest" class="Products.CreateProductTest"/>
      </group> <!-- Integration -->
      <group name="RegressionTest">
        <method signature="CreateCampaignTest.createCampaignWithCloseDateTest()[pri:0, instance:CampaignTest.CreateCampaignTest@385c9627]" name="createCampaignWithCloseDateTest" class="CampaignTest.CreateCampaignTest"/>
        <method signature="CreateContactTest.createContactWithCampaignTest()[pri:0, instance:Contacts.CreateContactTest@662ac478]" name="createContactWithCampaignTest" class="Contacts.CreateContactTest"/>
      </group> <!-- RegressionTest -->
    </groups>
    <test started-at="2025-04-04T20:31:18 IST" name="Test" finished-at="2025-04-04T20:33:12 IST" duration-ms="113457">
      <class name="Products.CreateProductTest">
        <test-method is-config="true" signature="beforeClass()[pri:0, instance:Products.CreateProductTest@6743e411]" started-at="2025-04-04T20:32:53 IST" name="beforeClass" finished-at="2025-04-04T20:32:54 IST" duration-ms="1122" status="PASS">
          <reporter-output>
          </reporter-output>
        </test-method> <!-- beforeClass -->
        <test-method is-config="true" signature="beforeMethod()[pri:0, instance:Products.CreateProductTest@6743e411]" started-at="2025-04-04T20:32:54 IST" name="beforeMethod" finished-at="2025-04-04T20:32:57 IST" duration-ms="3164" status="PASS">
          <reporter-output>
          </reporter-output>
        </test-method> <!-- beforeMethod -->
        <test-method signature="addProductTest()[pri:0, instance:Products.CreateProductTest@6743e411]" started-at="2025-04-04T20:32:57 IST" name="addProductTest" finished-at="2025-04-04T20:33:11 IST" duration-ms="14364" status="PASS">
          <reporter-output>
            <line>
              <![CDATA[Product Mobile738 Successfully added]]>
            </line>
          </reporter-output>
        </test-method> <!-- addProductTest -->
        <test-method is-config="true" signature="afterMethod()[pri:0, instance:Products.CreateProductTest@6743e411]" started-at="2025-04-04T20:33:11 IST" name="afterMethod" finished-at="2025-04-04T20:33:12 IST" duration-ms="122" status="PASS">
          <reporter-output>
          </reporter-output>
        </test-method> <!-- afterMethod -->
        <test-method is-config="true" signature="afterClass()[pri:0, instance:Products.CreateProductTest@6743e411]" started-at="2025-04-04T20:33:12 IST" name="afterClass" finished-at="2025-04-04T20:33:12 IST" duration-ms="235" status="PASS">
          <reporter-output>
          </reporter-output>
        </test-method> <!-- afterClass -->
      </class> <!-- Products.CreateProductTest -->
      <class name="Login.LoginTest">
        <test-method is-config="true" signature="beforeClass()[pri:0, instance:Login.LoginTest@31190526]" started-at="2025-04-04T20:31:53 IST" name="beforeClass" finished-at="2025-04-04T20:31:54 IST" duration-ms="1217" status="PASS">
          <reporter-output>
          </reporter-output>
        </test-method> <!-- beforeClass -->
        <test-method is-config="true" signature="beforeMethod()[pri:0, instance:Login.LoginTest@31190526]" started-at="2025-04-04T20:31:55 IST" name="beforeMethod" finished-at="2025-04-04T20:31:58 IST" duration-ms="3302" status="PASS">
          <reporter-output>
          </reporter-output>
        </test-method> <!-- beforeMethod -->
        <test-method retried="true" signature="LoginTest()[pri:0, instance:Login.LoginTest@31190526]" started-at="2025-04-04T20:31:58 IST" name="LoginTest" finished-at="2025-04-04T20:32:01 IST" duration-ms="3102" status="SKIP">
          <exception class="java.lang.AssertionError">
            <message>
              <![CDATA[The following asserts failed:
Validation is failed expected [http://49.249.28.218:8098/dashboar] but found [http://49.249.28.218:8098/dashboard]]]>
            </message>
            <full-stacktrace>
              <![CDATA[java.lang.AssertionError: The following asserts failed:
Validation is failed expected [http://49.249.28.218:8098/dashboar] but found [http://49.249.28.218:8098/dashboard]
at org.testng.asserts.SoftAssert.assertAll(SoftAssert.java:46)
at org.testng.asserts.SoftAssert.assertAll(SoftAssert.java:30)
at Login.LoginTest.LoginTest(LoginTest.java:86)
at java.base/jdk.internal.reflect.DirectMethodHandleAccessor.invoke(DirectMethodHandleAccessor.java:103)
at java.base/java.lang.reflect.Method.invoke(Method.java:580)
at org.testng.internal.invokers.MethodInvocationHelper.invokeMethod(MethodInvocationHelper.java:141)
at org.testng.internal.invokers.TestInvoker.invokeMethod(TestInvoker.java:686)
at org.testng.internal.invokers.TestInvoker.invokeTestMethod(TestInvoker.java:230)
at org.testng.internal.invokers.MethodRunner.runInSequence(MethodRunner.java:63)
at org.testng.internal.invokers.TestInvoker$MethodInvocationAgent.invoke(TestInvoker.java:992)
at org.testng.internal.invokers.TestInvoker.invokeTestMethods(TestInvoker.java:203)
at org.testng.internal.invokers.TestMethodWorker.invokeTestMethods(TestMethodWorker.java:154)
at org.testng.internal.invokers.TestMethodWorker.run(TestMethodWorker.java:134)
at java.base/java.util.ArrayList.forEach(ArrayList.java:1596)
at org.testng.TestRunner.privateRun(TestRunner.java:739)
at org.testng.TestRunner.run(TestRunner.java:614)
at org.testng.SuiteRunner.runTest(SuiteRunner.java:421)
at org.testng.SuiteRunner.runSequentially(SuiteRunner.java:413)
at org.testng.SuiteRunner.privateRun(SuiteRunner.java:373)
at org.testng.SuiteRunner.run(SuiteRunner.java:312)
at org.testng.SuiteRunnerWorker.runSuite(SuiteRunnerWorker.java:52)
at org.testng.SuiteRunnerWorker.run(SuiteRunnerWorker.java:95)
at org.testng.TestNG.runSuitesSequentially(TestNG.java:1274)
at org.testng.TestNG.runSuitesLocally(TestNG.java:1208)
at org.testng.TestNG.runSuites(TestNG.java:1112)
at org.testng.TestNG.run(TestNG.java:1079)
at org.testng.remote.AbstractRemoteTestNG.run(AbstractRemoteTestNG.java:115)
at org.testng.remote.RemoteTestNG.initAndRun(RemoteTestNG.java:293)
at org.testng.remote.RemoteTestNG.main(RemoteTestNG.java:91)
]]>
            </full-stacktrace>
          </exception> <!-- java.lang.AssertionError -->
          <reporter-output>
          </reporter-output>
        </test-method> <!-- LoginTest -->
        <test-method is-config="true" signature="afterMethod()[pri:0, instance:Login.LoginTest@31190526]" started-at="2025-04-04T20:32:01 IST" name="afterMethod" finished-at="2025-04-04T20:32:01 IST" duration-ms="84" status="PASS">
          <reporter-output>
          </reporter-output>
        </test-method> <!-- afterMethod -->
        <test-method is-config="true" signature="beforeMethod()[pri:0, instance:Login.LoginTest@31190526]" started-at="2025-04-04T20:32:01 IST" name="beforeMethod" finished-at="2025-04-04T20:32:04 IST" duration-ms="2978" status="PASS">
          <reporter-output>
          </reporter-output>
        </test-method> <!-- beforeMethod -->
        <test-method retried="true" signature="LoginTest()[pri:0, instance:Login.LoginTest@31190526]" started-at="2025-04-04T20:32:04 IST" name="LoginTest" finished-at="2025-04-04T20:32:07 IST" duration-ms="3031" status="SKIP">
          <exception class="java.lang.AssertionError">
            <message>
              <![CDATA[The following asserts failed:
Validation is failed expected [http://49.249.28.218:8098/dashboar] but found [http://49.249.28.218:8098/dashboard]]]>
            </message>
            <full-stacktrace>
              <![CDATA[java.lang.AssertionError: The following asserts failed:
Validation is failed expected [http://49.249.28.218:8098/dashboar] but found [http://49.249.28.218:8098/dashboard]
at org.testng.asserts.SoftAssert.assertAll(SoftAssert.java:46)
at org.testng.asserts.SoftAssert.assertAll(SoftAssert.java:30)
at Login.LoginTest.LoginTest(LoginTest.java:86)
at java.base/jdk.internal.reflect.DirectMethodHandleAccessor.invoke(DirectMethodHandleAccessor.java:103)
at java.base/java.lang.reflect.Method.invoke(Method.java:580)
at org.testng.internal.invokers.MethodInvocationHelper.invokeMethod(MethodInvocationHelper.java:141)
at org.testng.internal.invokers.TestInvoker.invokeMethod(TestInvoker.java:686)
at org.testng.internal.invokers.TestInvoker.retryFailed(TestInvoker.java:269)
at org.testng.internal.invokers.MethodRunner.runInSequence(MethodRunner.java:76)
at org.testng.internal.invokers.TestInvoker$MethodInvocationAgent.invoke(TestInvoker.java:992)
at org.testng.internal.invokers.TestInvoker.invokeTestMethods(TestInvoker.java:203)
at org.testng.internal.invokers.TestMethodWorker.invokeTestMethods(TestMethodWorker.java:154)
at org.testng.internal.invokers.TestMethodWorker.run(TestMethodWorker.java:134)
at java.base/java.util.ArrayList.forEach(ArrayList.java:1596)
at org.testng.TestRunner.privateRun(TestRunner.java:739)
at org.testng.TestRunner.run(TestRunner.java:614)
at org.testng.SuiteRunner.runTest(SuiteRunner.java:421)
at org.testng.SuiteRunner.runSequentially(SuiteRunner.java:413)
at org.testng.SuiteRunner.privateRun(SuiteRunner.java:373)
at org.testng.SuiteRunner.run(SuiteRunner.java:312)
at org.testng.SuiteRunnerWorker.runSuite(SuiteRunnerWorker.java:52)
at org.testng.SuiteRunnerWorker.run(SuiteRunnerWorker.java:95)
at org.testng.TestNG.runSuitesSequentially(TestNG.java:1274)
at org.testng.TestNG.runSuitesLocally(TestNG.java:1208)
at org.testng.TestNG.runSuites(TestNG.java:1112)
at org.testng.TestNG.run(TestNG.java:1079)
at org.testng.remote.AbstractRemoteTestNG.run(AbstractRemoteTestNG.java:115)
at org.testng.remote.RemoteTestNG.initAndRun(RemoteTestNG.java:293)
at org.testng.remote.RemoteTestNG.main(RemoteTestNG.java:91)
]]>
            </full-stacktrace>
          </exception> <!-- java.lang.AssertionError -->
          <reporter-output>
          </reporter-output>
        </test-method> <!-- LoginTest -->
        <test-method is-config="true" signature="afterMethod()[pri:0, instance:Login.LoginTest@31190526]" started-at="2025-04-04T20:32:07 IST" name="afterMethod" finished-at="2025-04-04T20:32:07 IST" duration-ms="86" status="PASS">
          <reporter-output>
          </reporter-output>
        </test-method> <!-- afterMethod -->
        <test-method is-config="true" signature="beforeMethod()[pri:0, instance:Login.LoginTest@31190526]" started-at="2025-04-04T20:32:07 IST" name="beforeMethod" finished-at="2025-04-04T20:32:10 IST" duration-ms="2533" status="PASS">
          <reporter-output>
          </reporter-output>
        </test-method> <!-- beforeMethod -->
        <test-method retried="true" signature="LoginTest()[pri:0, instance:Login.LoginTest@31190526]" started-at="2025-04-04T20:32:10 IST" name="LoginTest" finished-at="2025-04-04T20:32:13 IST" duration-ms="3025" status="SKIP">
          <exception class="java.lang.AssertionError">
            <message>
              <![CDATA[The following asserts failed:
Validation is failed expected [http://49.249.28.218:8098/dashboar] but found [http://49.249.28.218:8098/dashboard]]]>
            </message>
            <full-stacktrace>
              <![CDATA[java.lang.AssertionError: The following asserts failed:
Validation is failed expected [http://49.249.28.218:8098/dashboar] but found [http://49.249.28.218:8098/dashboard]
at org.testng.asserts.SoftAssert.assertAll(SoftAssert.java:46)
at org.testng.asserts.SoftAssert.assertAll(SoftAssert.java:30)
at Login.LoginTest.LoginTest(LoginTest.java:86)
at java.base/jdk.internal.reflect.DirectMethodHandleAccessor.invoke(DirectMethodHandleAccessor.java:103)
at java.base/java.lang.reflect.Method.invoke(Method.java:580)
at org.testng.internal.invokers.MethodInvocationHelper.invokeMethod(MethodInvocationHelper.java:141)
at org.testng.internal.invokers.TestInvoker.invokeMethod(TestInvoker.java:686)
at org.testng.internal.invokers.TestInvoker.retryFailed(TestInvoker.java:269)
at org.testng.internal.invokers.MethodRunner.runInSequence(MethodRunner.java:76)
at org.testng.internal.invokers.TestInvoker$MethodInvocationAgent.invoke(TestInvoker.java:992)
at org.testng.internal.invokers.TestInvoker.invokeTestMethods(TestInvoker.java:203)
at org.testng.internal.invokers.TestMethodWorker.invokeTestMethods(TestMethodWorker.java:154)
at org.testng.internal.invokers.TestMethodWorker.run(TestMethodWorker.java:134)
at java.base/java.util.ArrayList.forEach(ArrayList.java:1596)
at org.testng.TestRunner.privateRun(TestRunner.java:739)
at org.testng.TestRunner.run(TestRunner.java:614)
at org.testng.SuiteRunner.runTest(SuiteRunner.java:421)
at org.testng.SuiteRunner.runSequentially(SuiteRunner.java:413)
at org.testng.SuiteRunner.privateRun(SuiteRunner.java:373)
at org.testng.SuiteRunner.run(SuiteRunner.java:312)
at org.testng.SuiteRunnerWorker.runSuite(SuiteRunnerWorker.java:52)
at org.testng.SuiteRunnerWorker.run(SuiteRunnerWorker.java:95)
at org.testng.TestNG.runSuitesSequentially(TestNG.java:1274)
at org.testng.TestNG.runSuitesLocally(TestNG.java:1208)
at org.testng.TestNG.runSuites(TestNG.java:1112)
at org.testng.TestNG.run(TestNG.java:1079)
at org.testng.remote.AbstractRemoteTestNG.run(AbstractRemoteTestNG.java:115)
at org.testng.remote.RemoteTestNG.initAndRun(RemoteTestNG.java:293)
at org.testng.remote.RemoteTestNG.main(RemoteTestNG.java:91)
]]>
            </full-stacktrace>
          </exception> <!-- java.lang.AssertionError -->
          <reporter-output>
          </reporter-output>
        </test-method> <!-- LoginTest -->
        <test-method is-config="true" signature="afterMethod()[pri:0, instance:Login.LoginTest@31190526]" started-at="2025-04-04T20:32:13 IST" name="afterMethod" finished-at="2025-04-04T20:32:13 IST" duration-ms="70" status="PASS">
          <reporter-output>
          </reporter-output>
        </test-method> <!-- afterMethod -->
        <test-method is-config="true" signature="beforeMethod()[pri:0, instance:Login.LoginTest@31190526]" started-at="2025-04-04T20:32:13 IST" name="beforeMethod" finished-at="2025-04-04T20:32:16 IST" duration-ms="2815" status="PASS">
          <reporter-output>
          </reporter-output>
        </test-method> <!-- beforeMethod -->
        <test-method signature="LoginTest()[pri:0, instance:Login.LoginTest@31190526]" started-at="2025-04-04T20:32:16 IST" name="LoginTest" finished-at="2025-04-04T20:32:19 IST" duration-ms="3025" status="FAIL">
          <exception class="java.lang.AssertionError">
            <message>
              <![CDATA[The following asserts failed:
Validation is failed expected [http://49.249.28.218:8098/dashboar] but found [http://49.249.28.218:8098/dashboard]]]>
            </message>
            <full-stacktrace>
              <![CDATA[java.lang.AssertionError: The following asserts failed:
Validation is failed expected [http://49.249.28.218:8098/dashboar] but found [http://49.249.28.218:8098/dashboard]
at org.testng.asserts.SoftAssert.assertAll(SoftAssert.java:46)
at org.testng.asserts.SoftAssert.assertAll(SoftAssert.java:30)
at Login.LoginTest.LoginTest(LoginTest.java:86)
at java.base/jdk.internal.reflect.DirectMethodHandleAccessor.invoke(DirectMethodHandleAccessor.java:103)
at java.base/java.lang.reflect.Method.invoke(Method.java:580)
at org.testng.internal.invokers.MethodInvocationHelper.invokeMethod(MethodInvocationHelper.java:141)
at org.testng.internal.invokers.TestInvoker.invokeMethod(TestInvoker.java:686)
at org.testng.internal.invokers.TestInvoker.retryFailed(TestInvoker.java:269)
at org.testng.internal.invokers.MethodRunner.runInSequence(MethodRunner.java:76)
at org.testng.internal.invokers.TestInvoker$MethodInvocationAgent.invoke(TestInvoker.java:992)
at org.testng.internal.invokers.TestInvoker.invokeTestMethods(TestInvoker.java:203)
at org.testng.internal.invokers.TestMethodWorker.invokeTestMethods(TestMethodWorker.java:154)
at org.testng.internal.invokers.TestMethodWorker.run(TestMethodWorker.java:134)
at java.base/java.util.ArrayList.forEach(ArrayList.java:1596)
at org.testng.TestRunner.privateRun(TestRunner.java:739)
at org.testng.TestRunner.run(TestRunner.java:614)
at org.testng.SuiteRunner.runTest(SuiteRunner.java:421)
at org.testng.SuiteRunner.runSequentially(SuiteRunner.java:413)
at org.testng.SuiteRunner.privateRun(SuiteRunner.java:373)
at org.testng.SuiteRunner.run(SuiteRunner.java:312)
at org.testng.SuiteRunnerWorker.runSuite(SuiteRunnerWorker.java:52)
at org.testng.SuiteRunnerWorker.run(SuiteRunnerWorker.java:95)
at org.testng.TestNG.runSuitesSequentially(TestNG.java:1274)
at org.testng.TestNG.runSuitesLocally(TestNG.java:1208)
at org.testng.TestNG.runSuites(TestNG.java:1112)
at org.testng.TestNG.run(TestNG.java:1079)
at org.testng.remote.AbstractRemoteTestNG.run(AbstractRemoteTestNG.java:115)
at org.testng.remote.RemoteTestNG.initAndRun(RemoteTestNG.java:293)
at org.testng.remote.RemoteTestNG.main(RemoteTestNG.java:91)
]]>
            </full-stacktrace>
          </exception> <!-- java.lang.AssertionError -->
          <reporter-output>
          </reporter-output>
        </test-method> <!-- LoginTest -->
        <test-method is-config="true" signature="afterMethod()[pri:0, instance:Login.LoginTest@31190526]" started-at="2025-04-04T20:32:19 IST" name="afterMethod" finished-at="2025-04-04T20:32:19 IST" duration-ms="97" status="PASS">
          <reporter-output>
          </reporter-output>
        </test-method> <!-- afterMethod -->
        <test-method is-config="true" signature="afterClass()[pri:0, instance:Login.LoginTest@31190526]" started-at="2025-04-04T20:32:19 IST" name="afterClass" finished-at="2025-04-04T20:32:19 IST" duration-ms="200" status="PASS">
          <reporter-output>
          </reporter-output>
        </test-method> <!-- afterClass -->
      </class> <!-- Login.LoginTest -->
      <class name="Contacts.CreateContactTest">
        <test-method is-config="true" signature="beforeClass()[pri:0, instance:Contacts.CreateContactTest@662ac478]" started-at="2025-04-04T20:32:19 IST" name="beforeClass" finished-at="2025-04-04T20:32:21 IST" duration-ms="1420" status="PASS">
          <reporter-output>
          </reporter-output>
        </test-method> <!-- beforeClass -->
        <test-method is-config="true" signature="beforeMethod()[pri:0, instance:Contacts.CreateContactTest@662ac478]" started-at="2025-04-04T20:32:21 IST" name="beforeMethod" finished-at="2025-04-04T20:32:24 IST" duration-ms="3348" status="PASS">
          <reporter-output>
          </reporter-output>
        </test-method> <!-- beforeMethod -->
        <test-method signature="createContactWithCampaignTest()[pri:0, instance:Contacts.CreateContactTest@662ac478]" started-at="2025-04-04T20:32:24 IST" name="createContactWithCampaignTest" finished-at="2025-04-04T20:32:52 IST" duration-ms="28522" status="PASS">
          <reporter-output>
            <line>
              <![CDATA[Contact Nandini209 added Successfully]]>
            </line>
          </reporter-output>
        </test-method> <!-- createContactWithCampaignTest -->
        <test-method is-config="true" signature="afterMethod()[pri:0, instance:Contacts.CreateContactTest@662ac478]" started-at="2025-04-04T20:32:52 IST" name="afterMethod" finished-at="2025-04-04T20:32:53 IST" duration-ms="109" status="PASS">
          <reporter-output>
          </reporter-output>
        </test-method> <!-- afterMethod -->
        <test-method is-config="true" signature="afterClass()[pri:0, instance:Contacts.CreateContactTest@662ac478]" started-at="2025-04-04T20:32:53 IST" name="afterClass" finished-at="2025-04-04T20:32:53 IST" duration-ms="200" status="PASS">
          <reporter-output>
          </reporter-output>
        </test-method> <!-- afterClass -->
      </class> <!-- Contacts.CreateContactTest -->
      <class name="CampaignTest.CreateCampaignTest">
        <test-method is-config="true" signature="beforeSuite()[pri:0, instance:CampaignTest.CreateCampaignTest@385c9627]" started-at="2025-04-04T20:31:18 IST" name="beforeSuite" finished-at="2025-04-04T20:31:18 IST" duration-ms="657" status="PASS">
          <reporter-output>
          </reporter-output>
        </test-method> <!-- beforeSuite -->
        <test-method is-config="true" signature="beforeTest()[pri:0, instance:CampaignTest.CreateCampaignTest@385c9627]" started-at="2025-04-04T20:31:18 IST" name="beforeTest" finished-at="2025-04-04T20:31:18 IST" duration-ms="1" status="PASS">
          <reporter-output>
          </reporter-output>
        </test-method> <!-- beforeTest -->
        <test-method is-config="true" signature="beforeClass()[pri:0, instance:CampaignTest.CreateCampaignTest@385c9627]" started-at="2025-04-04T20:31:18 IST" name="beforeClass" finished-at="2025-04-04T20:31:22 IST" duration-ms="3259" status="PASS">
          <reporter-output>
          </reporter-output>
        </test-method> <!-- beforeClass -->
        <test-method is-config="true" signature="beforeMethod()[pri:0, instance:CampaignTest.CreateCampaignTest@385c9627]" started-at="2025-04-04T20:31:22 IST" name="beforeMethod" finished-at="2025-04-04T20:31:25 IST" duration-ms="3015" status="PASS">
          <reporter-output>
          </reporter-output>
        </test-method> <!-- beforeMethod -->
        <test-method signature="createCampaignTest()[pri:0, instance:CampaignTest.CreateCampaignTest@385c9627]" started-at="2025-04-04T20:31:25 IST" name="createCampaignTest" finished-at="2025-04-04T20:31:43 IST" duration-ms="17838" status="PASS">
          <reporter-output>
            <line>
              <![CDATA[Campaign Rotherham55 added successfully]]>
            </line>
          </reporter-output>
        </test-method> <!-- createCampaignTest -->
        <test-method is-config="true" signature="afterMethod()[pri:0, instance:CampaignTest.CreateCampaignTest@385c9627]" started-at="2025-04-04T20:31:43 IST" name="afterMethod" finished-at="2025-04-04T20:31:43 IST" duration-ms="121" status="PASS">
          <reporter-output>
          </reporter-output>
        </test-method> <!-- afterMethod -->
        <test-method is-config="true" signature="beforeMethod()[pri:0, instance:CampaignTest.CreateCampaignTest@385c9627]" started-at="2025-04-04T20:31:43 IST" name="beforeMethod" finished-at="2025-04-04T20:31:45 IST" duration-ms="2485" status="PASS">
          <reporter-output>
          </reporter-output>
        </test-method> <!-- beforeMethod -->
        <test-method signature="createCampaignWithCloseDateTest()[pri:0, instance:CampaignTest.CreateCampaignTest@385c9627]" started-at="2025-04-04T20:31:45 IST" name="createCampaignWithCloseDateTest" finished-at="2025-04-04T20:31:53 IST" duration-ms="7828" status="PASS">
          <reporter-output>
            <line>
              <![CDATA[Campaign Rotherham392 added successfully]]>
            </line>
          </reporter-output>
        </test-method> <!-- createCampaignWithCloseDateTest -->
        <test-method is-config="true" signature="afterMethod()[pri:0, instance:CampaignTest.CreateCampaignTest@385c9627]" started-at="2025-04-04T20:31:53 IST" name="afterMethod" finished-at="2025-04-04T20:31:53 IST" duration-ms="104" status="PASS">
          <reporter-output>
          </reporter-output>
        </test-method> <!-- afterMethod -->
        <test-method is-config="true" signature="afterClass()[pri:0, instance:CampaignTest.CreateCampaignTest@385c9627]" started-at="2025-04-04T20:31:53 IST" name="afterClass" finished-at="2025-04-04T20:31:53 IST" duration-ms="171" status="PASS">
          <reporter-output>
          </reporter-output>
        </test-method> <!-- afterClass -->
        <test-method is-config="true" signature="afterTest()[pri:0, instance:CampaignTest.CreateCampaignTest@385c9627]" started-at="2025-04-04T20:33:12 IST" name="afterTest" finished-at="2025-04-04T20:33:12 IST" duration-ms="1" status="PASS">
          <reporter-output>
          </reporter-output>
        </test-method> <!-- afterTest -->
        <test-method is-config="true" signature="afterSuite()[pri:0, instance:CampaignTest.CreateCampaignTest@385c9627]" started-at="2025-04-04T20:33:12 IST" name="afterSuite" finished-at="2025-04-04T20:33:12 IST" duration-ms="9" status="PASS">
          <reporter-output>
          </reporter-output>
        </test-method> <!-- afterSuite -->
      </class> <!-- CampaignTest.CreateCampaignTest -->
    </test> <!-- Test -->
  </suite> <!-- Suite -->
</testng-results>
